c:\users\тимофей\source\repos\tempmailchecker\tempmailchecker\release\tempmailchecker.pch
c:\users\тимофей\source\repos\tempmailchecker\tempmailchecker\release\vc143.pdb
c:\users\тимофей\source\repos\tempmailchecker\tempmailchecker\release\pch.obj
c:\users\тимофей\source\repos\tempmailchecker\tempmailchecker\release\tempmailcheckerdlg.obj
c:\users\тимофей\source\repos\tempmailchecker\tempmailchecker\release\tempmailchecker.obj
c:\users\тимофей\source\repos\tempmailchecker\release\tempmailchecker.exe
c:\users\тимофей\source\repos\tempmailchecker\release\tempmailchecker.pdb
c:\users\тимофей\source\repos\tempmailchecker\tempmailchecker\release\tempmailchecker.res
c:\users\тимофей\source\repos\tempmailchecker\tempmailchecker\release\tempmailchecker.ipdb
c:\users\тимофей\source\repos\tempmailchecker\tempmailchecker\release\tempmailchecker.iobj
c:\users\тимофей\source\repos\tempmailchecker\tempmailchecker\release\tempmailchecker.tlog\cl.command.1.tlog
c:\users\тимофей\source\repos\tempmailchecker\tempmailchecker\release\tempmailchecker.tlog\cl.items.tlog
c:\users\тимофей\source\repos\tempmailchecker\tempmailchecker\release\tempmailchecker.tlog\cl.read.1.tlog
c:\users\тимофей\source\repos\tempmailchecker\tempmailchecker\release\tempmailchecker.tlog\cl.write.1.tlog
c:\users\тимофей\source\repos\tempmailchecker\tempmailchecker\release\tempmailchecker.tlog\link.command.1.tlog
c:\users\тимофей\source\repos\tempmailchecker\tempmailchecker\release\tempmailchecker.tlog\link.read.1.tlog
c:\users\тимофей\source\repos\tempmailchecker\tempmailchecker\release\tempmailchecker.tlog\link.secondary.1.tlog
c:\users\тимофей\source\repos\tempmailchecker\tempmailchecker\release\tempmailchecker.tlog\link.write.1.tlog
c:\users\тимофей\source\repos\tempmailchecker\tempmailchecker\release\tempmailchecker.tlog\rc.command.1.tlog
c:\users\тимофей\source\repos\tempmailchecker\tempmailchecker\release\tempmailchecker.tlog\rc.read.1.tlog
c:\users\тимофей\source\repos\tempmailchecker\tempmailchecker\release\tempmailchecker.tlog\rc.write.1.tlog
