c:\users\тимофей\source\repos\tempmailchecker\tempmailchecker\x64\debug\tempmailchecker.pch
c:\users\тимофей\source\repos\tempmailchecker\tempmailchecker\x64\debug\vc143.pdb
c:\users\тимофей\source\repos\tempmailchecker\tempmailchecker\x64\debug\vc143.idb
c:\users\тимофей\source\repos\tempmailchecker\tempmailchecker\x64\debug\pch.obj
c:\users\тимофей\source\repos\tempmailchecker\tempmailchecker\x64\debug\tempmailcheckerdlg.obj
c:\users\тимофей\source\repos\tempmailchecker\tempmailchecker\x64\debug\tempmailchecker.obj
c:\users\тимофей\source\repos\tempmailchecker\x64\debug\tempmailchecker.exe
c:\users\тимофей\source\repos\tempmailchecker\x64\debug\tempmailchecker.pdb
c:\users\тимофей\source\repos\tempmailchecker\tempmailchecker\x64\debug\tempmailchecker.res
c:\users\тимофей\source\repos\tempmailchecker\tempmailchecker\x64\debug\tempmailchecker.ilk
c:\users\тимофей\source\repos\tempmailchecker\tempmailchecker\x64\debug\tempmailchecker.tlog\cl.command.1.tlog
c:\users\тимофей\source\repos\tempmailchecker\tempmailchecker\x64\debug\tempmailchecker.tlog\cl.items.tlog
c:\users\тимофей\source\repos\tempmailchecker\tempmailchecker\x64\debug\tempmailchecker.tlog\cl.read.1.tlog
c:\users\тимофей\source\repos\tempmailchecker\tempmailchecker\x64\debug\tempmailchecker.tlog\cl.write.1.tlog
c:\users\тимофей\source\repos\tempmailchecker\tempmailchecker\x64\debug\tempmailchecker.tlog\link.command.1.tlog
c:\users\тимофей\source\repos\tempmailchecker\tempmailchecker\x64\debug\tempmailchecker.tlog\link.read.1.tlog
c:\users\тимофей\source\repos\tempmailchecker\tempmailchecker\x64\debug\tempmailchecker.tlog\link.secondary.1.tlog
c:\users\тимофей\source\repos\tempmailchecker\tempmailchecker\x64\debug\tempmailchecker.tlog\link.write.1.tlog
c:\users\тимофей\source\repos\tempmailchecker\tempmailchecker\x64\debug\tempmailchecker.tlog\rc.command.1.tlog
c:\users\тимофей\source\repos\tempmailchecker\tempmailchecker\x64\debug\tempmailchecker.tlog\rc.read.1.tlog
c:\users\тимофей\source\repos\tempmailchecker\tempmailchecker\x64\debug\tempmailchecker.tlog\rc.write.1.tlog
